<?xml version="1.0" encoding="UTF-8"?>
<testng-results skipped="0" failed="0" total="1" passed="1">
  <reporter-output>
  </reporter-output>
  <suite name="Default suite" duration-ms="88195" started-at="2019-07-31T15:57:09Z" finished-at="2019-07-31T15:58:37Z">
    <groups>
    </groups>
    <test name="Default test" duration-ms="88195" started-at="2019-07-31T15:57:09Z" finished-at="2019-07-31T15:58:37Z">
      <class name="TestCases.LoginTest">
        <test-method status="PASS" signature="setUp()[pri:0, instance:TestCases.LoginTest@735b5592]" name="setUp" duration-ms="88107" started-at="2019-07-31T21:27:09Z" finished-at="2019-07-31T21:28:37Z">
          <reporter-output>
          </reporter-output>
        </test-method> <!-- setUp -->
      </class> <!-- TestCases.LoginTest -->
    </test> <!-- Default test -->
  </suite> <!-- Default suite -->
</testng-results>
